0
4
2598
4
6
6
4057
0
1512
3150
3493
21
4398
486
657
4765
0
6598
0
1377
11
8203
1935
2085
10
9703
7836
8071
9919
3057
10469
28
20
9
73
1238
4231
10249
8681
16
10562
12826
24
5
7
12678
1
28
5346
12787
11474
18
19
20
12659
6664
4928
8546
9820
1390
120
18
1410
10753
5928
7653
204
8996
30
12807
17158
16108
17
4297
16951
37
7
13
12262
18917
18159
258
30
20823
42
21013
21362
6654
1470
17800
13354
21693
46
17739
24042
23770
4830
23505
23902
13846
22747
18614
5542
8313
20110
21472
204
35
58
9679
359
33
6
22705
9493
2558
15501
3
12256
21
17
18168
11
16204
3
16853
16
4
22614
272
26199
27329
26534
26437
15392
39
1
26369
25479
58
29785
18192
39
21006
19300
27215
45
18462
47
15186
10021
20
7360
30745
33
34297
58
52
33907
655
18031
39
80
32024
7229
158
4346
7229
5
15
23617
13163
37325
22495
80
59
79
33925
40033
40089
90
47
4094
88
2093
10
3740
11
39034
28
40725
85
5523
23621
71
86
328
20
32350
11
33857
38717
3811
70
521
26819
34572
83
46
12637
10
9538
53
76
92
8
78
128
10
43414
50024
28601
32048
80
76
45564
68
5360
10969
36963
48225
77
36963
38067
168
110
12
25
54239
295
35
52118
72
21410
87
47612
41728
21677
55949
111
656
15
35882
3
45591
9984
58259
88
4932
173
4
3497
26440
127
9
61593
37308
267
42
52924
726
52387
679
64
30435
256
66482
18457
53
37667
62316
145
29172
135
68773
49016
68
40607
60946
46
24511
34
133
158
1801
75
984
62782
93
267
115
62619
24475
62563
37
16
58429
74759
64289
74
91
96
71109
56520
53504
74590
70470
8194
75195
183
166
38031
18968
218
55411
66878
80648
230
117
26513
31595
81058
3322
82072
81798
150
72165
69203
46087
40
578
33179
171
162
71
65963
69
254
175
49503
19764
55888
212
63332
46867
147
61
10
73222
1117
102
88762
74230
45259
15948
184
7881
39604
90963
71136
69
55895
18085
68
206
68282
90894
39100
270
24
236
93810
64684
578
71
40399
23703
28
83683
35306
19436
104
203
139
39049
202
18
18967
45
184
152
248
319
189
211
1113
81675
266
84
28552
101533
25289
28832
52573
78337
73324
1423
4924
93996
36420
187
78622
10750
10318
447
79
306
13387
97820
50807
6
103402
102955
108
81568
62955
887
106234
85226
49
85633
98
96104
76
102487
217
91267
105204
52812
7
555
35633
76241
87563
26
96541
16
116
106547
70863
57212
108396
448
43475
102288
71174
10607
3160
67276
118
33434
2680
28084
64358
91847
10278
1484
110145
29934
280
58896
126
11760
28082
158
171
13195
86568
77
35
90291
175
6
98307
276
111935
12305
17679
66920
27
34794
1560
612
111109
137
186
111674
113233
68
109043
9239
100993
89066
94084
135
55610
119435
55610
875
1936
85
109936
121830
121137
88693
64616
124507
276
104366
245
76023
69667
80
10931
127641
117
36555
961
229
248
121299
20
102306
31686
126907
880
98819
123581
1788
28
124719
141
49653
85
134
1443
55255
91102
118490
532
158
156
72819
127971
80
131375
85691
141
1700
133613
4000
648
160
230
289
28350
762
554
30238
566
107999
112514
160
560
130411
39139
29
133041
124
100833
236
228
131626
91
96502
1585
334
20140
98
39952
80647
316
16
166
233
97780
222
14875
65720
144
114082
175
151
137803
53932
130
112884
65838
141189
280
125426
142096
352
330
126369
14
326
104318
15451
138291
19
73693
155
334
148379
132681
95
37658
321
57433
79401
111311
66
335
122088
192
141995
554
139275
138
218
1464
106336
33
33
136643
50
115623
9
89089
5298
167
1465
136229
131198
96015
113354
260
546
11877
203
92217
59
107
1631
77946
69710
131995
108689
94723
2118
271
112241
1736
331
147077
103
267
130573
396
113926
120861
348
29741
270
270
198
20017
10609
103790
270
85101
146894
101556
1051
158644
36
53776
147367
91790
418
30729
74
130730
101
1769
164582
162862
212
348
32
68281
163358
121115
125737
166112
109684
37
103336
2176
166806
133
108445
123219
123036
11880
265
177
168930
164657
169917
311
51140
170864
109557
172
132197
298
393
65
2413
120815
319
392
279
433
180509
161814
172310
21853
109
433
31996
138343
2377
125370
85420
112616
125982
53037
163277
405
80498
49939
38692
85686
185129
107341
110239
181181
185969
89884
182337
87183
332
162340
187868
187622
353
78088
168
185830
246
29662
19611
156829
184692
134556
66517
140124
192474
176281
2340
190608
1335
12207
191195
79446
119784
141587
151871
192016
75956
196226
82818
163283
103
331
123144
2067
191600
39170
294
197775
105
184034
411
191742
148363
63
22169
381
194830
274
197806
118
132662
183060
118
2542
144677
62
702
2617
2512
200329
173896
262
159
124573
2541
54677
155
64247
128666
328
193561
59527
164471
174515
264
250
154678
12069
119469
575
2215
127474
192607
861
93
387
53131
198685
188149
91
197343
141323
196042
207091
206898
44075
179337
180
142942
188185
346
138
206802
25327
183304
2829
185130
68194
144167
140866
118
397
299
207159
597
136922
42050
196296
419
139851
54
148643
29504
917
178906
163371
200530
190
117
363
128
2750
96
60
209501
153499
149503
31
209404
81466
1014
217444
251
148
149472
214334
414
345
434
172951
156093
203666
219438
198151
143
796
123999
162168
204173
88939
220432
437
119450
212063
28843
120435
192
187991
223893
267
494
191835
227400
24
70
517
31
188900
229
205287
203043
52
158269
428
172379
97
9293
162408
147466
141737
202653
199759
191082
207759
576
148286
197317
202301
14143
80223
228976
75600
442
3181
2585
1620
110
102
142883
30
81151
1897
202507
260
47579
197140
1731
189779
229895
154
234437
224402
155019
215903
83775
85033
153911
3111
132746
239
224669
417
146
326
86066
134
240973
171134
223192
299
190012
225679
229869
598
106750
239050
210077
3256
42
159179
233521
220694
413
476
79990
164
314
2721
