50000
-3966000 -3784000 -4263000 -2728000 -2309000 -1123000 -1677000 -3031000 -767000 -3276000 780000 -3441000 -2456000 -1457000 -578000 -4412000 -3234000 -2997323000 -348976000 -18000 
25000
-1791000 -1434000 -1938000 -1153000 -809000 -98000 -752000 -1331000 8000 -1576000 855000 -1691000 -1031000 -707000 -78000 -1937000 -1459000 -1498398000 -174051000 132000 
12500
-703500 -259000 -775500 -365500 -59000 414500 -289500 -481000 395500 -726000 892500 -816000 -318500 -332000 172000 -699500 -571500 -748935500 -86588500 207000 
6250
-159750 328500 -194250 28250 316000 670750 -58250 -56000 589250 -301000 911250 -378500 37750 -144500 297000 -80750 -127750 -374204250 -42857250 244500 
9375
-431625 34750 -484875 -168625 128500 542625 -173875 -268500 492375 -513500 901875 -597250 -140375 -238250 234500 -390125 -349625 -561569875 -64722875 225750 
7812
-295644 181672 -339516 -70156 222280 606708 -116044 -162216 540828 -407216 906564 -487840 -51284 -191360 265760 -235388 -238652 -467857084 -53786564 235128 
8593
-363591 108258 -412149 -119359 175420 574687 -144941 -215324 516617 -460324 904221 -542510 -95801 -214790 250140 -312707 -294103 -514683501 -59251221 230442 
8984
-397608 71504 -448512 -143992 151960 558656 -159408 -241912 504496 -486912 903048 -569880 -118088 -226520 242320 -351416 -321864 -538126688 -61987048 228096 
8788
-380556 89928 -430284 -131644 163720 566692 -152156 -228584 510572 -473584 903636 -556160 -106916 -220640 246240 -332012 -307948 -526375116 -60615636 229272 
8886
-389082 80716 -439398 -137818 157840 562674 -155782 -235248 507534 -480248 903342 -563020 -112502 -223580 244280 -341714 -314906 -532250902 -61301342 228684 
8935
-393345 76110 -443955 -140905 154900 560665 -157595 -238580 506015 -483580 903195 -566450 -115295 -225050 243300 -346565 -318385 -535188795 -61644195 228390 
8959
-395433 73854 -446187 -142417 153460 559681 -158483 -240212 505271 -485212 903123 -568130 -116663 -225770 242820 -348941 -320089 -536627763 -61812123 228246 
8971
-396477 72726 -447303 -143173 152740 559189 -158927 -241028 504899 -486028 903087 -568970 -117347 -226130 242580 -350129 -320941 -537347247 -61896087 228174 
8977
-396999 72162 -447861 -143551 152380 558943 -159149 -241436 504713 -486436 903069 -569390 -117689 -226310 242460 -350723 -321367 -537706989 -61938069 228138 
8974
-396738 72444 -447582 -143362 152560 559066 -159038 -241232 504806 -486232 903078 -569180 -117518 -226220 242520 -350426 -321154 -537527118 -61917078 228156 
8972
-396564 72632 -447396 -143236 152680 559148 -158964 -241096 504868 -486096 903084 -569040 -117404 -226160 242560 -350228 -321012 -537407204 -61903084 228168 
8973
-396651 72538 -447489 -143299 152620 559107 -159001 -241164 504837 -486164 903081 -569110 -117461 -226190 242540 -350327 -321083 -537467161 -61910081 228162 
8973
